$ next build
   ▲ Next.js 15.3.4

   Creating an optimized production build ...
 ✓ Compiled successfully in 32.0s
   Linting and checking validity of types ...

Failed to compile.

./src/app/(auth)/login/page.tsx
30:10  Error: 'isLoading' is assigned a value but never used.  @typescript-eslint/no-unused-vars

./src/app/(auth)/register/page.tsx
166:9  Error: 'handleGoogleSignUp' is assigned a value but never used.  @typescript-eslint/no-unused-vars

./src/app/api/auth/join/route.ts
94:23  Error: '_unusedPassword' is assigned a value but never used.  @typescript-eslint/no-unused-vars
94:43  Error: 'userWithoutPassword' is assigned a value but never used.  @typescript-eslint/no-unused-vars

./src/app/api/auth/login/route.ts
58:23  Error: '_unusedPassword' is assigned a value but never used.  @typescript-eslint/no-unused-vars

./src/app/api/auth/register/route.ts
102:23  Error: '_unusedPassword' is assigned a value but never used.  @typescript-eslint/no-unused-vars

./src/app/api/campaigns/route.ts
3:39  Error: 'CreateCampaignRequest' is defined but never used.  @typescript-eslint/no-unused-vars

./src/app/api/campaigns/[id]/route.ts
3:20  Error: 'UpdateCampaignRequest' is defined but never used.  @typescript-eslint/no-unused-vars
95:11  Error: 'updateData' is assigned a value but never used.  @typescript-eslint/no-unused-vars

./src/app/api/leads/route.ts
3:35  Error: 'CreateLeadRequest' is defined but never used.  @typescript-eslint/no-unused-vars

./src/app/api/leads/[id]/route.ts
3:16  Error: 'UpdateLeadRequest' is defined but never used.  @typescript-eslint/no-unused-vars
84:11  Error: 'updateData' is assigned a value but never used.  @typescript-eslint/no-unused-vars

./src/app/dashboard/analytics/page.tsx
7:3  Error: 'LineChart' is defined but never used.  @typescript-eslint/no-unused-vars
8:3  Error: 'Line' is defined but never used.  @typescript-eslint/no-unused-vars
